build/outputs/logs/manifest-merger-debug-report.txt
-- Merging decision tree log ---
manifest
ADDED from PlayCamera_V1.0.2\AndroidManifest.xml:2:1-40:12
	package
		ADDED from PlayCamera_V1.0.2\AndroidManifest.xml:3:11-41
	android:versionName
		ADDED from PlayCamera_V1.0.2\AndroidManifest.xml:5:11-38
		INJECTED from PlayCamera_V1.0.2\AndroidManifest.xml
		INJECTED from PlayCamera_V1.0.2\AndroidManifest.xml
	android:versionCode
		ADDED from PlayCamera_V1.0.2\AndroidManifest.xml:4:11-34
		INJECTED from PlayCamera_V1.0.2\AndroidManifest.xml
		INJECTED from PlayCamera_V1.0.2\AndroidManifest.xml
	xmlns:android
		ADDED from PlayCamera_V1.0.2\AndroidManifest.xml:2:11-69
uses-sdk
ADDED from PlayCamera_V1.0.2\AndroidManifest.xml:7:5-9:40
	android:targetSdkVersion
		ADDED from PlayCamera_V1.0.2\AndroidManifest.xml:9:9-38
	android:minSdkVersion
		ADDED from PlayCamera_V1.0.2\AndroidManifest.xml:8:9-35
uses-permission#android.permission.MOUNT_UNMOUNT_FILESYSTEMS
ADDED from PlayCamera_V1.0.2\AndroidManifest.xml:11:5-83
	android:name
		ADDED from PlayCamera_V1.0.2\AndroidManifest.xml:11:22-81
uses-permission#android.permission.WRITE_EXTERNAL_STORAGE
ADDED from PlayCamera_V1.0.2\AndroidManifest.xml:12:5-80
	android:name
		ADDED from PlayCamera_V1.0.2\AndroidManifest.xml:12:22-78
uses-permission#android.permission.CAMERA
ADDED from PlayCamera_V1.0.2\AndroidManifest.xml:13:5-64
	android:name
		ADDED from PlayCamera_V1.0.2\AndroidManifest.xml:13:22-62
uses-feature#android.hardware.camera
ADDED from PlayCamera_V1.0.2\AndroidManifest.xml:15:5-59
	android:name
		ADDED from PlayCamera_V1.0.2\AndroidManifest.xml:15:19-57
application
ADDED from PlayCamera_V1.0.2\AndroidManifest.xml:17:5-38:19
	android:label
		ADDED from PlayCamera_V1.0.2\AndroidManifest.xml:20:9-41
	android:allowBackup
		ADDED from PlayCamera_V1.0.2\AndroidManifest.xml:18:9-35
	android:icon
		ADDED from PlayCamera_V1.0.2\AndroidManifest.xml:19:9-50
	android:theme
		ADDED from PlayCamera_V1.0.2\AndroidManifest.xml:21:9-40
activity#org.yanzi.activity.CameraActivity
ADDED from PlayCamera_V1.0.2\AndroidManifest.xml:22:9-28:20
	android:screenOrientation
		ADDED from PlayCamera_V1.0.2\AndroidManifest.xml:25:13-50
	android:label
		ADDED from PlayCamera_V1.0.2\AndroidManifest.xml:24:13-45
	android:theme
		ADDED from PlayCamera_V1.0.2\AndroidManifest.xml:26:13-77
	android:name
		ADDED from PlayCamera_V1.0.2\AndroidManifest.xml:23:13-61
activity#org.yanzi.activity.TestActivity
ADDED from PlayCamera_V1.0.2\AndroidManifest.xml:29:9-37:20
	android:screenOrientation
		ADDED from PlayCamera_V1.0.2\AndroidManifest.xml:32:13-50
	android:theme
		ADDED from PlayCamera_V1.0.2\AndroidManifest.xml:31:13-71
	android:name
		ADDED from PlayCamera_V1.0.2\AndroidManifest.xml:30:13-59
intent-filter#android.intent.action.MAIN+android.intent.category.LAUNCHER
ADDED from PlayCamera_V1.0.2\AndroidManifest.xml:33:13-36:29
action#android.intent.action.MAIN
ADDED from PlayCamera_V1.0.2\AndroidManifest.xml:34:17-68
	android:name
		ADDED from PlayCamera_V1.0.2\AndroidManifest.xml:34:25-66
category#android.intent.category.LAUNCHER
ADDED from PlayCamera_V1.0.2\AndroidManifest.xml:35:17-76
	android:name
		ADDED from PlayCamera_V1.0.2\AndroidManifest.xml:35:27-74